2021-12-01 14:39:03,736:Loading:__________________Loading LOGGER PROCESS STARTING!____________________________
2021-12-01 14:39:03,740:Loading:The iteration value being logged,['1', '', '195 W Oakland Ave', 'Salt Lake City', 'UT', '84115', '10:30:00', '21', 'None', '', 'At hub']
2021-12-01 14:39:03,740:Loading:stuffed in the FIRST(#1) truck, Case statement 2: 1
2021-12-01 14:39:03,741:Loading:The iteration value being logged,['2', '', '2530 S 500 E', 'Salt Lake City', 'UT', '84106', 'EOD', '44', 'None', '', 'At hub']
2021-12-01 14:39:03,741:Loading:stuffed in the THIRD(#3) truck as it had more space than truck2,Case statement 5: 2
2021-12-01 14:39:03,741:Loading:The iteration value being logged,['3', '', '233 Canyon Rd', 'Salt Lake City', 'UT', '84103', 'EOD', '2', 'Can only be on truck 2', '', 'At hub']
2021-12-01 14:39:03,741:Loading:stuffed in the SECOND(#2) truck,Case statement 1: 3
2021-12-01 14:39:03,741:Loading:The iteration value being logged,['4', '', '380 W 2880 S', 'Salt Lake City', 'UT', '84115', 'EOD', '4', 'None', '', 'At hub']
2021-12-01 14:39:03,741:Loading:stuffed in the THIRD(#3) truck as it had more space than truck2,Case statement 5: 4
2021-12-01 14:39:03,741:Loading:The iteration value being logged,['5', '', '410 S State St', 'Salt Lake City', 'UT', '84111', 'EOD', '5', 'None', '', 'At hub']
2021-12-01 14:39:03,741:Loading:stuffed in the SECOND(#2) truck as it had more space than truck3,Case statement 6: 5
2021-12-01 14:39:03,741:Loading:The iteration value being logged,['6', '', '3060 Lester St', 'West Valley City', 'UT', '84119', '10:30:00', '88', 'Delayed on flight---will not arrive to depot until 9:05 am', '', 'At hub']
2021-12-01 14:39:03,741:Loading:stuffed in the SECOND(#2) truck,Case statement 3: 6
2021-12-01 14:39:03,741:Loading:The iteration value being logged,['7', '', '1330 2100 S', 'Salt Lake City', 'UT', '84106', 'EOD', '8', 'None', '', 'At hub']
2021-12-01 14:39:03,741:Loading:stuffed in the THIRD(#3) truck as it had more space than truck2,Case statement 5: 7
2021-12-01 14:39:03,741:Loading:The iteration value being logged,['8', '', '300 State St', 'Salt Lake City', 'UT', '84103', 'EOD', '9', 'None', '', 'At hub']
2021-12-01 14:39:03,741:Loading:stuffed in the THIRD(#3) truck as it had more space than truck2,Case statement 5: 8
2021-12-01 14:39:03,741:Loading:The iteration value being logged,['9', '', '300 State St', 'Salt Lake City', 'UT', '84103', 'EOD', '2', 'Wrong address listed', '', 'At hub']
2021-12-01 14:39:03,741:Loading:stuffed in the THIRD(#3) truck for wrong address or pkg 9,Case statement 4: 9
2021-12-01 14:39:03,741:Loading:The iteration value being logged,['10', '', '600 E 900 South', 'Salt Lake City', 'UT', '84105', 'EOD', '1', 'None', '', 'At hub']
2021-12-01 14:39:03,741:Loading:stuffed in the SECOND(#2) truck as it had more space than truck3,Case statement 6: 10
2021-12-01 14:39:03,741:Loading:The iteration value being logged,['11', '', '2600 Taylorsville Blvd', 'Salt Lake City', 'UT', '84118', 'EOD', '1', 'None', '', 'At hub']
2021-12-01 14:39:03,741:Loading:stuffed in the SECOND(#2) truck as it had more space than truck3,Case statement 6: 11
2021-12-01 14:39:03,741:Loading:The iteration value being logged,['12', '', '3575 W Valley Central Station bus Loop', 'West Valley City', 'UT', '84119', 'EOD', '1', 'None', '', 'At hub']
2021-12-01 14:39:03,741:Loading:stuffed in the THIRD(#3) truck as it had more space than truck2,Case statement 5: 12
2021-12-01 14:39:03,742:Loading:The iteration value being logged,['13', '', '2010 W 500 S', 'Salt Lake City', 'UT', '84104', '10:30:00', '2', 'None', '', 'At hub']
2021-12-01 14:39:03,742:Loading:stuffed in the FIRST(#1) truck, Case statement 2: 13
2021-12-01 14:39:03,742:Loading:The iteration value being logged,['14', '', '4300 S 1300 E', 'Millcreek', 'UT', '84117', '10:30:00', '88', 'Must be delivered with 15 & 19', '', 'At hub']
2021-12-01 14:39:03,742:Loading:stuffed in the FIRST(#1) truck, Case statement 2: 14
2021-12-01 14:39:03,742:Loading:The iteration value being logged,['15', '', '4580 S 2300 E', 'Holladay', 'UT', '84117', '9:00:00', '4', 'None', '', 'At hub']
2021-12-01 14:39:03,742:Loading:stuffed in the FIRST(#1) truck, Case statement 2: 15
2021-12-01 14:39:03,742:Loading:The iteration value being logged,['16', '', '4580 S 2300 E', 'Holladay', 'UT', '84117', '10:30:00', '88', 'Must be delivered with 13 & 19', '', 'At hub']
2021-12-01 14:39:03,742:Loading:stuffed in the FIRST(#1) truck, Case statement 2: 16
2021-12-01 14:39:03,742:Loading:The iteration value being logged,['17', '', '3148 S 1100 W', 'Salt Lake City', 'UT', '84119', 'EOD', '2', 'None', '', 'At hub']
2021-12-01 14:39:03,742:Loading:stuffed in the SECOND(#2) truck as it had more space than truck3,Case statement 6: 17
2021-12-01 14:39:03,742:Loading:The iteration value being logged,['18', '', '1488 4800 S', 'Salt Lake City', 'UT', '84123', 'EOD', '6', 'Can only be on truck 2', '', 'At hub']
2021-12-01 14:39:03,742:Loading:stuffed in the SECOND(#2) truck,Case statement 1: 18
2021-12-01 14:39:03,742:Loading:The iteration value being logged,['19', '', '177 W Price Ave', 'Salt Lake City', 'UT', '84115', 'EOD', '37', 'None', '', 'At hub']
2021-12-01 14:39:03,742:Loading:stuffed in the THIRD(#3) truck as it had more space than truck2,Case statement 5: 19
2021-12-01 14:39:03,742:Loading:The iteration value being logged,['20', '', '3595 Main St', 'Salt Lake City', 'UT', '84115', '10:30:00', '37', 'Must be delivered with 13 & 15', '', 'At hub']
2021-12-01 14:39:03,742:Loading:stuffed in the FIRST(#1) truck, Case statement 2: 20
2021-12-01 14:39:03,742:Loading:The iteration value being logged,['21', '', '3595 Main St', 'Salt Lake City', 'UT', '84115', 'EOD', '3', 'None', '', 'At hub']
2021-12-01 14:39:03,742:Loading:stuffed in the THIRD(#3) truck as it had more space than truck2,Case statement 5: 21
2021-12-01 14:39:03,742:Loading:The iteration value being logged,['22', '', '6351 South 900 East', 'Murray', 'UT', '84121', 'EOD', '2', 'None', '', 'At hub']
2021-12-01 14:39:03,742:Loading:stuffed in the SECOND(#2) truck as it had more space than truck3,Case statement 6: 22
2021-12-01 14:39:03,742:Loading:The iteration value being logged,['23', '', '5100 South 2700 West', 'Salt Lake City', 'UT', '84118', 'EOD', '5', 'None', '', 'At hub']
2021-12-01 14:39:03,742:Loading:stuffed in the THIRD(#3) truck as it had more space than truck2,Case statement 5: 23
2021-12-01 14:39:03,742:Loading:The iteration value being logged,['24', '', '5025 State St', 'Murray', 'UT', '84107', 'EOD', '7', 'None', '', 'At hub']
2021-12-01 14:39:03,743:Loading:stuffed in the SECOND(#2) truck as it had more space than truck3,Case statement 6: 24
2021-12-01 14:39:03,743:Loading:The iteration value being logged,['25', '', '5383 South 900 East #104', 'Salt Lake City', 'UT', '84117', '10:30:00', '7', 'Delayed on flight---will not arrive to depot until 9:05 am', '', 'At hub']
2021-12-01 14:39:03,743:Loading:stuffed in the SECOND(#2) truck,Case statement 3: 25
2021-12-01 14:39:03,743:Loading:The iteration value being logged,['26', '', '5383 South 900 East #104', 'Salt Lake City', 'UT', '84117', 'EOD', '25', 'None', '', 'At hub']
2021-12-01 14:39:03,743:Loading:stuffed in the THIRD(#3) truck as it had more space than truck2,Case statement 5: 26
2021-12-01 14:39:03,743:Loading:The iteration value being logged,['27', '', '1060 Dalton Ave S', 'Salt Lake City', 'UT', '84104', 'EOD', '5', 'None', '', 'At hub']
2021-12-01 14:39:03,743:Loading:stuffed in the THIRD(#3) truck as it had more space than truck2,Case statement 5: 27
2021-12-01 14:39:03,743:Loading:The iteration value being logged,['28', '', '2835 Main St', 'Salt Lake City', 'UT', '84115', 'EOD', '7', 'Delayed on flight---will not arrive to depot until 9:05 am', '', 'At hub']
2021-12-01 14:39:03,743:Loading:stuffed in the SECOND(#2) truck,Case statement 3: 28
2021-12-01 14:39:03,743:Loading:The iteration value being logged,['29', '', '1330 2100 S', 'Salt Lake City', 'UT', '84106', '10:30:00', '2', 'None', '', 'At hub']
2021-12-01 14:39:03,743:Loading:stuffed in the FIRST(#1) truck, Case statement 2: 29
2021-12-01 14:39:03,743:Loading:The iteration value being logged,['30', '', '300 State St', 'Salt Lake City', 'UT', '84103', '10:30:00', '1', 'None', '', 'At hub']
2021-12-01 14:39:03,743:Loading:stuffed in the FIRST(#1) truck, Case statement 2: 30
2021-12-01 14:39:03,743:Loading:The iteration value being logged,['31', '', '3365 S 900 W', 'Salt Lake City', 'UT', '84119', '10:30:00', '1', 'None', '', 'At hub']
2021-12-01 14:39:03,743:Loading:stuffed in the FIRST(#1) truck, Case statement 2: 31
2021-12-01 14:39:03,743:Loading:The iteration value being logged,['32', '', '3365 S 900 W', 'Salt Lake City', 'UT', '84119', 'EOD', '1', 'Delayed on flight---will not arrive to depot until 9:05 am', '', 'At hub']
2021-12-01 14:39:03,743:Loading:stuffed in the SECOND(#2) truck,Case statement 3: 32
2021-12-01 14:39:03,743:Loading:The iteration value being logged,['33', '', '2530 S 500 E', 'Salt Lake City', 'UT', '84106', 'EOD', '1', 'None', '', 'At hub']
2021-12-01 14:39:03,743:Loading:stuffed in the THIRD(#3) truck as it had more space than truck2,Case statement 5: 33
2021-12-01 14:39:03,743:Loading:The iteration value being logged,['34', '', '4580 S 2300 E', 'Holladay', 'UT', '84117', '10:30:00', '2', 'None', '', 'At hub']
2021-12-01 14:39:03,743:Loading:stuffed in the FIRST(#1) truck, Case statement 2: 34
2021-12-01 14:39:03,743:Loading:The iteration value being logged,['35', '', '1060 Dalton Ave S', 'Salt Lake City', 'UT', '84104', 'EOD', '88', 'None', '', 'At hub']
2021-12-01 14:39:03,743:Loading:stuffed in the THIRD(#3) truck as it had more space than truck2,Case statement 5: 35
2021-12-01 14:39:03,744:Loading:The iteration value being logged,['36', '', '2300 Parkway Blvd', 'West Valley City', 'UT', '84119', 'EOD', '88', 'Can only be on truck 2', '', 'At hub']
2021-12-01 14:39:03,744:Loading:stuffed in the SECOND(#2) truck,Case statement 1: 36
2021-12-01 14:39:03,744:Loading:The iteration value being logged,['37', '', '410 S State St', 'Salt Lake City', 'UT', '84111', '10:30:00', '2', 'None', '', 'At hub']
2021-12-01 14:39:03,744:Loading:stuffed in the FIRST(#1) truck, Case statement 2: 37
2021-12-01 14:39:03,744:Loading:The iteration value being logged,['38', '', '410 S State St', 'Salt Lake City', 'UT', '84111', 'EOD', '9', 'Can only be on truck 2', '', 'At hub']
2021-12-01 14:39:03,744:Loading:stuffed in the SECOND(#2) truck,Case statement 1: 38
2021-12-01 14:39:03,744:Loading:The iteration value being logged,['39', '', '2010 W 500 S', 'Salt Lake City', 'UT', '84104', 'EOD', '9', 'None', '', 'At hub']
2021-12-01 14:39:03,744:Loading:stuffed in the THIRD(#3) truck as it had more space than truck2,Case statement 5: 39
2021-12-01 14:39:03,744:Loading:The iteration value being logged,['40', '', '380 W 2880 S', 'Salt Lake City', 'UT', '84115', '10:30:00', '45', 'None', '', 'At hub']
2021-12-01 14:39:03,744:Loading:stuffed in the FIRST(#1) truck, Case statement 2: 40
2021-12-01 14:39:03,744:Loading:Space remaining on Truck 1: 4
2021-12-01 14:39:03,744:Loading:Space remaining on Truck 2: 2
2021-12-01 14:39:03,744:Loading:Space remaining on Truck 3: 2
2021-12-01 14:39:03,744:Loading:Truck 1 list: [['1', '', '195 W Oakland Ave', 'Salt Lake City', 'UT', '84115', '10:30:00', '21', 'None', '', 'At hub'], ['13', '', '2010 W 500 S', 'Salt Lake City', 'UT', '84104', '10:30:00', '2', 'None', '', 'At hub'], ['14', '', '4300 S 1300 E', 'Millcreek', 'UT', '84117', '10:30:00', '88', 'Must be delivered with 15 & 19', '', 'At hub'], ['15', '', '4580 S 2300 E', 'Holladay', 'UT', '84117', '9:00:00', '4', 'None', '', 'At hub'], ['16', '', '4580 S 2300 E', 'Holladay', 'UT', '84117', '10:30:00', '88', 'Must be delivered with 13 & 19', '', 'At hub'], ['20', '', '3595 Main St', 'Salt Lake City', 'UT', '84115', '10:30:00', '37', 'Must be delivered with 13 & 15', '', 'At hub'], ['29', '', '1330 2100 S', 'Salt Lake City', 'UT', '84106', '10:30:00', '2', 'None', '', 'At hub'], ['30', '', '300 State St', 'Salt Lake City', 'UT', '84103', '10:30:00', '1', 'None', '', 'At hub'], ['31', '', '3365 S 900 W', 'Salt Lake City', 'UT', '84119', '10:30:00', '1', 'None', '', 'At hub'], ['34', '', '4580 S 2300 E', 'Holladay', 'UT', '84117', '10:30:00', '2', 'None', '', 'At hub'], ['37', '', '410 S State St', 'Salt Lake City', 'UT', '84111', '10:30:00', '2', 'None', '', 'At hub'], ['40', '', '380 W 2880 S', 'Salt Lake City', 'UT', '84115', '10:30:00', '45', 'None', '', 'At hub']]
2021-12-01 14:39:03,744:Loading:Truck 2 list: [['3', '', '233 Canyon Rd', 'Salt Lake City', 'UT', '84103', 'EOD', '2', 'Can only be on truck 2', '', 'At hub'], ['5', '', '410 S State St', 'Salt Lake City', 'UT', '84111', 'EOD', '5', 'None', '', 'At hub'], ['6', '', '3060 Lester St', 'West Valley City', 'UT', '84119', '10:30:00', '88', 'Delayed on flight---will not arrive to depot until 9:05 am', '', 'At hub'], ['10', '', '600 E 900 South', 'Salt Lake City', 'UT', '84105', 'EOD', '1', 'None', '', 'At hub'], ['11', '', '2600 Taylorsville Blvd', 'Salt Lake City', 'UT', '84118', 'EOD', '1', 'None', '', 'At hub'], ['17', '', '3148 S 1100 W', 'Salt Lake City', 'UT', '84119', 'EOD', '2', 'None', '', 'At hub'], ['18', '', '1488 4800 S', 'Salt Lake City', 'UT', '84123', 'EOD', '6', 'Can only be on truck 2', '', 'At hub'], ['22', '', '6351 South 900 East', 'Murray', 'UT', '84121', 'EOD', '2', 'None', '', 'At hub'], ['24', '', '5025 State St', 'Murray', 'UT', '84107', 'EOD', '7', 'None', '', 'At hub'], ['25', '', '5383 South 900 East #104', 'Salt Lake City', 'UT', '84117', '10:30:00', '7', 'Delayed on flight---will not arrive to depot until 9:05 am', '', 'At hub'], ['28', '', '2835 Main St', 'Salt Lake City', 'UT', '84115', 'EOD', '7', 'Delayed on flight---will not arrive to depot until 9:05 am', '', 'At hub'], ['32', '', '3365 S 900 W', 'Salt Lake City', 'UT', '84119', 'EOD', '1', 'Delayed on flight---will not arrive to depot until 9:05 am', '', 'At hub'], ['36', '', '2300 Parkway Blvd', 'West Valley City', 'UT', '84119', 'EOD', '88', 'Can only be on truck 2', '', 'At hub'], ['38', '', '410 S State St', 'Salt Lake City', 'UT', '84111', 'EOD', '9', 'Can only be on truck 2', '', 'At hub']]
2021-12-01 14:39:03,744:Loading:Truck 3 list: [['2', '', '2530 S 500 E', 'Salt Lake City', 'UT', '84106', 'EOD', '44', 'None', '', 'At hub'], ['4', '', '380 W 2880 S', 'Salt Lake City', 'UT', '84115', 'EOD', '4', 'None', '', 'At hub'], ['7', '', '1330 2100 S', 'Salt Lake City', 'UT', '84106', 'EOD', '8', 'None', '', 'At hub'], ['8', '', '300 State St', 'Salt Lake City', 'UT', '84103', 'EOD', '9', 'None', '', 'At hub'], ['9', '', '410 S State St', 'Salt Lake City', 'UT', '84111', 'EOD', '2', 'Wrong address listed', '', 'At hub'], ['12', '', '3575 W Valley Central Station bus Loop', 'West Valley City', 'UT', '84119', 'EOD', '1', 'None', '', 'At hub'], ['19', '', '177 W Price Ave', 'Salt Lake City', 'UT', '84115', 'EOD', '37', 'None', '', 'At hub'], ['21', '', '3595 Main St', 'Salt Lake City', 'UT', '84115', 'EOD', '3', 'None', '', 'At hub'], ['23', '', '5100 South 2700 West', 'Salt Lake City', 'UT', '84118', 'EOD', '5', 'None', '', 'At hub'], ['26', '', '5383 South 900 East #104', 'Salt Lake City', 'UT', '84117', 'EOD', '25', 'None', '', 'At hub'], ['27', '', '1060 Dalton Ave S', 'Salt Lake City', 'UT', '84104', 'EOD', '5', 'None', '', 'At hub'], ['33', '', '2530 S 500 E', 'Salt Lake City', 'UT', '84106', 'EOD', '1', 'None', '', 'At hub'], ['35', '', '1060 Dalton Ave S', 'Salt Lake City', 'UT', '84104', 'EOD', '88', 'None', '', 'At hub'], ['39', '', '2010 W 500 S', 'Salt Lake City', 'UT', '84104', 'EOD', '9', 'None', '', 'At hub']]
2021-12-01 14:39:03,744:Loading:___________________END OF Loading MAIN LOGGER THING____________________________
2022-02-26 21:18:14,600:Loading:__________________Loading LOGGER PROCESS STARTING!____________________________
2022-02-26 21:18:14,650:Loading:The iteration value being logged,['1', '', '195 W Oakland Ave', 'Salt Lake City', 'UT', '84115', '10:30:00', '21', 'None', '', 'At hub']
2022-02-26 21:18:14,650:Loading:stuffed in the FIRST(#1) truck, Case statement 2: 1
2022-02-26 21:18:14,650:Loading:The iteration value being logged,['2', '', '2530 S 500 E', 'Salt Lake City', 'UT', '84106', 'EOD', '44', 'None', '', 'At hub']
2022-02-26 21:18:14,650:Loading:stuffed in the THIRD(#3) truck as it had more space than truck2,Case statement 5: 2
2022-02-26 21:18:14,650:Loading:The iteration value being logged,['3', '', '233 Canyon Rd', 'Salt Lake City', 'UT', '84103', 'EOD', '2', 'Can only be on truck 2', '', 'At hub']
2022-02-26 21:18:14,650:Loading:stuffed in the SECOND(#2) truck,Case statement 1: 3
2022-02-26 21:18:14,650:Loading:The iteration value being logged,['4', '', '380 W 2880 S', 'Salt Lake City', 'UT', '84115', 'EOD', '4', 'None', '', 'At hub']
2022-02-26 21:18:14,651:Loading:stuffed in the THIRD(#3) truck as it had more space than truck2,Case statement 5: 4
2022-02-26 21:18:14,651:Loading:The iteration value being logged,['5', '', '410 S State St', 'Salt Lake City', 'UT', '84111', 'EOD', '5', 'None', '', 'At hub']
2022-02-26 21:18:14,651:Loading:stuffed in the SECOND(#2) truck as it had more space than truck3,Case statement 6: 5
2022-02-26 21:18:14,651:Loading:The iteration value being logged,['6', '', '3060 Lester St', 'West Valley City', 'UT', '84119', '10:30:00', '88', 'Delayed on flight---will not arrive to depot until 9:05 am', '', 'At hub']
2022-02-26 21:18:14,651:Loading:stuffed in the SECOND(#2) truck,Case statement 3: 6
2022-02-26 21:18:14,651:Loading:The iteration value being logged,['7', '', '1330 2100 S', 'Salt Lake City', 'UT', '84106', 'EOD', '8', 'None', '', 'At hub']
2022-02-26 21:18:14,651:Loading:stuffed in the THIRD(#3) truck as it had more space than truck2,Case statement 5: 7
2022-02-26 21:18:14,651:Loading:The iteration value being logged,['8', '', '300 State St', 'Salt Lake City', 'UT', '84103', 'EOD', '9', 'None', '', 'At hub']
2022-02-26 21:18:14,651:Loading:stuffed in the THIRD(#3) truck as it had more space than truck2,Case statement 5: 8
2022-02-26 21:18:14,651:Loading:The iteration value being logged,['9', '', '300 State St', 'Salt Lake City', 'UT', '84103', 'EOD', '2', 'Wrong address listed', '', 'At hub']
2022-02-26 21:18:14,651:Loading:stuffed in the THIRD(#3) truck for wrong address or pkg 9,Case statement 4: 9
2022-02-26 21:18:14,651:Loading:The iteration value being logged,['10', '', '600 E 900 South', 'Salt Lake City', 'UT', '84105', 'EOD', '1', 'None', '', 'At hub']
2022-02-26 21:18:14,651:Loading:stuffed in the SECOND(#2) truck as it had more space than truck3,Case statement 6: 10
2022-02-26 21:18:14,651:Loading:The iteration value being logged,['11', '', '2600 Taylorsville Blvd', 'Salt Lake City', 'UT', '84118', 'EOD', '1', 'None', '', 'At hub']
2022-02-26 21:18:14,651:Loading:stuffed in the SECOND(#2) truck as it had more space than truck3,Case statement 6: 11
2022-02-26 21:18:14,651:Loading:The iteration value being logged,['12', '', '3575 W Valley Central Station bus Loop', 'West Valley City', 'UT', '84119', 'EOD', '1', 'None', '', 'At hub']
2022-02-26 21:18:14,651:Loading:stuffed in the THIRD(#3) truck as it had more space than truck2,Case statement 5: 12
2022-02-26 21:18:14,651:Loading:The iteration value being logged,['13', '', '2010 W 500 S', 'Salt Lake City', 'UT', '84104', '10:30:00', '2', 'None', '', 'At hub']
2022-02-26 21:18:14,651:Loading:stuffed in the FIRST(#1) truck, Case statement 2: 13
2022-02-26 21:18:14,651:Loading:The iteration value being logged,['14', '', '4300 S 1300 E', 'Millcreek', 'UT', '84117', '10:30:00', '88', 'Must be delivered with 15 & 19', '', 'At hub']
2022-02-26 21:18:14,651:Loading:stuffed in the FIRST(#1) truck, Case statement 2: 14
2022-02-26 21:18:14,651:Loading:The iteration value being logged,['15', '', '4580 S 2300 E', 'Holladay', 'UT', '84117', '9:00:00', '4', 'None', '', 'At hub']
2022-02-26 21:18:14,651:Loading:stuffed in the FIRST(#1) truck, Case statement 2: 15
2022-02-26 21:18:14,651:Loading:The iteration value being logged,['16', '', '4580 S 2300 E', 'Holladay', 'UT', '84117', '10:30:00', '88', 'Must be delivered with 13 & 19', '', 'At hub']
2022-02-26 21:18:14,652:Loading:stuffed in the FIRST(#1) truck, Case statement 2: 16
2022-02-26 21:18:14,652:Loading:The iteration value being logged,['17', '', '3148 S 1100 W', 'Salt Lake City', 'UT', '84119', 'EOD', '2', 'None', '', 'At hub']
2022-02-26 21:18:14,652:Loading:stuffed in the SECOND(#2) truck as it had more space than truck3,Case statement 6: 17
2022-02-26 21:18:14,652:Loading:The iteration value being logged,['18', '', '1488 4800 S', 'Salt Lake City', 'UT', '84123', 'EOD', '6', 'Can only be on truck 2', '', 'At hub']
2022-02-26 21:18:14,652:Loading:stuffed in the SECOND(#2) truck,Case statement 1: 18
2022-02-26 21:18:14,652:Loading:The iteration value being logged,['19', '', '177 W Price Ave', 'Salt Lake City', 'UT', '84115', 'EOD', '37', 'None', '', 'At hub']
2022-02-26 21:18:14,652:Loading:stuffed in the THIRD(#3) truck as it had more space than truck2,Case statement 5: 19
2022-02-26 21:18:14,652:Loading:The iteration value being logged,['20', '', '3595 Main St', 'Salt Lake City', 'UT', '84115', '10:30:00', '37', 'Must be delivered with 13 & 15', '', 'At hub']
2022-02-26 21:18:14,652:Loading:stuffed in the FIRST(#1) truck, Case statement 2: 20
2022-02-26 21:18:14,652:Loading:The iteration value being logged,['21', '', '3595 Main St', 'Salt Lake City', 'UT', '84115', 'EOD', '3', 'None', '', 'At hub']
2022-02-26 21:18:14,652:Loading:stuffed in the THIRD(#3) truck as it had more space than truck2,Case statement 5: 21
2022-02-26 21:18:14,652:Loading:The iteration value being logged,['22', '', '6351 South 900 East', 'Murray', 'UT', '84121', 'EOD', '2', 'None', '', 'At hub']
2022-02-26 21:18:14,652:Loading:stuffed in the SECOND(#2) truck as it had more space than truck3,Case statement 6: 22
2022-02-26 21:18:14,652:Loading:The iteration value being logged,['23', '', '5100 South 2700 West', 'Salt Lake City', 'UT', '84118', 'EOD', '5', 'None', '', 'At hub']
2022-02-26 21:18:14,652:Loading:stuffed in the THIRD(#3) truck as it had more space than truck2,Case statement 5: 23
2022-02-26 21:18:14,652:Loading:The iteration value being logged,['24', '', '5025 State St', 'Murray', 'UT', '84107', 'EOD', '7', 'None', '', 'At hub']
2022-02-26 21:18:14,652:Loading:stuffed in the SECOND(#2) truck as it had more space than truck3,Case statement 6: 24
2022-02-26 21:18:14,652:Loading:The iteration value being logged,['25', '', '5383 South 900 East #104', 'Salt Lake City', 'UT', '84117', '10:30:00', '7', 'Delayed on flight---will not arrive to depot until 9:05 am', '', 'At hub']
2022-02-26 21:18:14,652:Loading:stuffed in the SECOND(#2) truck,Case statement 3: 25
2022-02-26 21:18:14,652:Loading:The iteration value being logged,['26', '', '5383 South 900 East #104', 'Salt Lake City', 'UT', '84117', 'EOD', '25', 'None', '', 'At hub']
2022-02-26 21:18:14,653:Loading:stuffed in the THIRD(#3) truck as it had more space than truck2,Case statement 5: 26
2022-02-26 21:18:14,653:Loading:The iteration value being logged,['27', '', '1060 Dalton Ave S', 'Salt Lake City', 'UT', '84104', 'EOD', '5', 'None', '', 'At hub']
2022-02-26 21:18:14,653:Loading:stuffed in the THIRD(#3) truck as it had more space than truck2,Case statement 5: 27
2022-02-26 21:18:14,653:Loading:The iteration value being logged,['28', '', '2835 Main St', 'Salt Lake City', 'UT', '84115', 'EOD', '7', 'Delayed on flight---will not arrive to depot until 9:05 am', '', 'At hub']
2022-02-26 21:18:14,653:Loading:stuffed in the SECOND(#2) truck,Case statement 3: 28
2022-02-26 21:18:14,653:Loading:The iteration value being logged,['29', '', '1330 2100 S', 'Salt Lake City', 'UT', '84106', '10:30:00', '2', 'None', '', 'At hub']
2022-02-26 21:18:14,653:Loading:stuffed in the FIRST(#1) truck, Case statement 2: 29
2022-02-26 21:18:14,653:Loading:The iteration value being logged,['30', '', '300 State St', 'Salt Lake City', 'UT', '84103', '10:30:00', '1', 'None', '', 'At hub']
2022-02-26 21:18:14,653:Loading:stuffed in the FIRST(#1) truck, Case statement 2: 30
2022-02-26 21:18:14,653:Loading:The iteration value being logged,['31', '', '3365 S 900 W', 'Salt Lake City', 'UT', '84119', '10:30:00', '1', 'None', '', 'At hub']
2022-02-26 21:18:14,653:Loading:stuffed in the FIRST(#1) truck, Case statement 2: 31
2022-02-26 21:18:14,653:Loading:The iteration value being logged,['32', '', '3365 S 900 W', 'Salt Lake City', 'UT', '84119', 'EOD', '1', 'Delayed on flight---will not arrive to depot until 9:05 am', '', 'At hub']
2022-02-26 21:18:14,653:Loading:stuffed in the SECOND(#2) truck,Case statement 3: 32
2022-02-26 21:18:14,653:Loading:The iteration value being logged,['33', '', '2530 S 500 E', 'Salt Lake City', 'UT', '84106', 'EOD', '1', 'None', '', 'At hub']
2022-02-26 21:18:14,653:Loading:stuffed in the THIRD(#3) truck as it had more space than truck2,Case statement 5: 33
2022-02-26 21:18:14,653:Loading:The iteration value being logged,['34', '', '4580 S 2300 E', 'Holladay', 'UT', '84117', '10:30:00', '2', 'None', '', 'At hub']
2022-02-26 21:18:14,653:Loading:stuffed in the FIRST(#1) truck, Case statement 2: 34
2022-02-26 21:18:14,653:Loading:The iteration value being logged,['35', '', '1060 Dalton Ave S', 'Salt Lake City', 'UT', '84104', 'EOD', '88', 'None', '', 'At hub']
2022-02-26 21:18:14,653:Loading:stuffed in the THIRD(#3) truck as it had more space than truck2,Case statement 5: 35
2022-02-26 21:18:14,653:Loading:The iteration value being logged,['36', '', '2300 Parkway Blvd', 'West Valley City', 'UT', '84119', 'EOD', '88', 'Can only be on truck 2', '', 'At hub']
2022-02-26 21:18:14,653:Loading:stuffed in the SECOND(#2) truck,Case statement 1: 36
2022-02-26 21:18:14,653:Loading:The iteration value being logged,['37', '', '410 S State St', 'Salt Lake City', 'UT', '84111', '10:30:00', '2', 'None', '', 'At hub']
2022-02-26 21:18:14,653:Loading:stuffed in the FIRST(#1) truck, Case statement 2: 37
2022-02-26 21:18:14,654:Loading:The iteration value being logged,['38', '', '410 S State St', 'Salt Lake City', 'UT', '84111', 'EOD', '9', 'Can only be on truck 2', '', 'At hub']
2022-02-26 21:18:14,654:Loading:stuffed in the SECOND(#2) truck,Case statement 1: 38
2022-02-26 21:18:14,654:Loading:The iteration value being logged,['39', '', '2010 W 500 S', 'Salt Lake City', 'UT', '84104', 'EOD', '9', 'None', '', 'At hub']
2022-02-26 21:18:14,654:Loading:stuffed in the THIRD(#3) truck as it had more space than truck2,Case statement 5: 39
2022-02-26 21:18:14,654:Loading:The iteration value being logged,['40', '', '380 W 2880 S', 'Salt Lake City', 'UT', '84115', '10:30:00', '45', 'None', '', 'At hub']
2022-02-26 21:18:14,654:Loading:stuffed in the FIRST(#1) truck, Case statement 2: 40
2022-02-26 21:18:14,654:Loading:Space remaining on Truck 1: 4
2022-02-26 21:18:14,654:Loading:Space remaining on Truck 2: 2
2022-02-26 21:18:14,654:Loading:Space remaining on Truck 3: 2
2022-02-26 21:18:14,654:Loading:Truck 1 list: [['1', '', '195 W Oakland Ave', 'Salt Lake City', 'UT', '84115', '10:30:00', '21', 'None', '', 'At hub'], ['13', '', '2010 W 500 S', 'Salt Lake City', 'UT', '84104', '10:30:00', '2', 'None', '', 'At hub'], ['14', '', '4300 S 1300 E', 'Millcreek', 'UT', '84117', '10:30:00', '88', 'Must be delivered with 15 & 19', '', 'At hub'], ['15', '', '4580 S 2300 E', 'Holladay', 'UT', '84117', '9:00:00', '4', 'None', '', 'At hub'], ['16', '', '4580 S 2300 E', 'Holladay', 'UT', '84117', '10:30:00', '88', 'Must be delivered with 13 & 19', '', 'At hub'], ['20', '', '3595 Main St', 'Salt Lake City', 'UT', '84115', '10:30:00', '37', 'Must be delivered with 13 & 15', '', 'At hub'], ['29', '', '1330 2100 S', 'Salt Lake City', 'UT', '84106', '10:30:00', '2', 'None', '', 'At hub'], ['30', '', '300 State St', 'Salt Lake City', 'UT', '84103', '10:30:00', '1', 'None', '', 'At hub'], ['31', '', '3365 S 900 W', 'Salt Lake City', 'UT', '84119', '10:30:00', '1', 'None', '', 'At hub'], ['34', '', '4580 S 2300 E', 'Holladay', 'UT', '84117', '10:30:00', '2', 'None', '', 'At hub'], ['37', '', '410 S State St', 'Salt Lake City', 'UT', '84111', '10:30:00', '2', 'None', '', 'At hub'], ['40', '', '380 W 2880 S', 'Salt Lake City', 'UT', '84115', '10:30:00', '45', 'None', '', 'At hub']]
2022-02-26 21:18:14,654:Loading:Truck 2 list: [['3', '', '233 Canyon Rd', 'Salt Lake City', 'UT', '84103', 'EOD', '2', 'Can only be on truck 2', '', 'At hub'], ['5', '', '410 S State St', 'Salt Lake City', 'UT', '84111', 'EOD', '5', 'None', '', 'At hub'], ['6', '', '3060 Lester St', 'West Valley City', 'UT', '84119', '10:30:00', '88', 'Delayed on flight---will not arrive to depot until 9:05 am', '', 'At hub'], ['10', '', '600 E 900 South', 'Salt Lake City', 'UT', '84105', 'EOD', '1', 'None', '', 'At hub'], ['11', '', '2600 Taylorsville Blvd', 'Salt Lake City', 'UT', '84118', 'EOD', '1', 'None', '', 'At hub'], ['17', '', '3148 S 1100 W', 'Salt Lake City', 'UT', '84119', 'EOD', '2', 'None', '', 'At hub'], ['18', '', '1488 4800 S', 'Salt Lake City', 'UT', '84123', 'EOD', '6', 'Can only be on truck 2', '', 'At hub'], ['22', '', '6351 South 900 East', 'Murray', 'UT', '84121', 'EOD', '2', 'None', '', 'At hub'], ['24', '', '5025 State St', 'Murray', 'UT', '84107', 'EOD', '7', 'None', '', 'At hub'], ['25', '', '5383 South 900 East #104', 'Salt Lake City', 'UT', '84117', '10:30:00', '7', 'Delayed on flight---will not arrive to depot until 9:05 am', '', 'At hub'], ['28', '', '2835 Main St', 'Salt Lake City', 'UT', '84115', 'EOD', '7', 'Delayed on flight---will not arrive to depot until 9:05 am', '', 'At hub'], ['32', '', '3365 S 900 W', 'Salt Lake City', 'UT', '84119', 'EOD', '1', 'Delayed on flight---will not arrive to depot until 9:05 am', '', 'At hub'], ['36', '', '2300 Parkway Blvd', 'West Valley City', 'UT', '84119', 'EOD', '88', 'Can only be on truck 2', '', 'At hub'], ['38', '', '410 S State St', 'Salt Lake City', 'UT', '84111', 'EOD', '9', 'Can only be on truck 2', '', 'At hub']]
2022-02-26 21:18:14,654:Loading:Truck 3 list: [['2', '', '2530 S 500 E', 'Salt Lake City', 'UT', '84106', 'EOD', '44', 'None', '', 'At hub'], ['4', '', '380 W 2880 S', 'Salt Lake City', 'UT', '84115', 'EOD', '4', 'None', '', 'At hub'], ['7', '', '1330 2100 S', 'Salt Lake City', 'UT', '84106', 'EOD', '8', 'None', '', 'At hub'], ['8', '', '300 State St', 'Salt Lake City', 'UT', '84103', 'EOD', '9', 'None', '', 'At hub'], ['9', '', '410 S State St', 'Salt Lake City', 'UT', '84111', 'EOD', '2', 'Wrong address listed', '', 'At hub'], ['12', '', '3575 W Valley Central Station bus Loop', 'West Valley City', 'UT', '84119', 'EOD', '1', 'None', '', 'At hub'], ['19', '', '177 W Price Ave', 'Salt Lake City', 'UT', '84115', 'EOD', '37', 'None', '', 'At hub'], ['21', '', '3595 Main St', 'Salt Lake City', 'UT', '84115', 'EOD', '3', 'None', '', 'At hub'], ['23', '', '5100 South 2700 West', 'Salt Lake City', 'UT', '84118', 'EOD', '5', 'None', '', 'At hub'], ['26', '', '5383 South 900 East #104', 'Salt Lake City', 'UT', '84117', 'EOD', '25', 'None', '', 'At hub'], ['27', '', '1060 Dalton Ave S', 'Salt Lake City', 'UT', '84104', 'EOD', '5', 'None', '', 'At hub'], ['33', '', '2530 S 500 E', 'Salt Lake City', 'UT', '84106', 'EOD', '1', 'None', '', 'At hub'], ['35', '', '1060 Dalton Ave S', 'Salt Lake City', 'UT', '84104', 'EOD', '88', 'None', '', 'At hub'], ['39', '', '2010 W 500 S', 'Salt Lake City', 'UT', '84104', 'EOD', '9', 'None', '', 'At hub']]
2022-02-26 21:18:14,654:Loading:___________________END OF Loading MAIN LOGGER THING____________________________
